<?xml version="1.0" encoding="UTF-8"?>
<!-- Generated by org.testng.reporters.JUnitReportReporter -->
<testsuite hostname="DESKTOP-BJ80FP8" failures="0" tests="1" name="whizit.TestLogo.RedirectToHomePageFromOtherPageUsingLogoTest" time="7.203" errors="0" timestamp="2023-07-12T15:32:37 IST" skipped="0">
  <testcase classname="whizit.TestLogo.RedirectToHomePageFromOtherPageUsingLogoTest" name="redirectToHomePageFromOtherPageUsingLogoTest" time="7.203"/>
  <system-out/>
</testsuite> <!-- whizit.TestLogo.RedirectToHomePageFromOtherPageUsingLogoTest -->
