<?xml version="1.0" encoding="UTF-8"?>
<!-- Generated by org.testng.reporters.JUnitReportReporter -->
<testsuite hostname="DESKTOP-BJ80FP8" failures="0" tests="2" name="whizit.log4jpractice.Log4jPracticeTest" time="0.176" errors="0" timestamp="2023-08-07T16:57:27 IST" skipped="0">
  <testcase classname="whizit.log4jpractice.Log4jPracticeTest" name="demo" time="0.004"/>
  <system-out/>
  <testcase classname="whizit.log4jpractice.Log4jPracticeTest" name="checkLogoExistOrNotTest" time="0.172"/>
  <system-out/>
</testsuite> <!-- whizit.log4jpractice.Log4jPracticeTest -->
