<?xml version="1.0" encoding="UTF-8"?>
<!-- Generated by org.testng.reporters.JUnitReportReporter -->
<testsuite hostname="DESKTOP-BJ80FP8" failures="0" tests="1" name="whizit.TestLogo.Section1AllTechnologiesImageTest" time="0.614" errors="0" timestamp="2023-07-13T12:40:44 IST" skipped="0">
  <testcase classname="whizit.TestLogo.Section1AllTechnologiesImageTest" name="section1AllTechnologiesImageTest" time="0.614"/>
  <system-out/>
</testsuite> <!-- whizit.TestLogo.Section1AllTechnologiesImageTest -->
