<?xml version="1.0" encoding="UTF-8"?>
<!-- Generated by org.testng.reporters.JUnitReportReporter -->
<testsuite hostname="DESKTOP-BJ80FP8" failures="0" tests="1" name="whizit.TestHomePage.Section2AllTechnologiesImageTest" time="1.870" errors="0" timestamp="2023-07-14T12:22:08 IST" skipped="0">
  <testcase classname="whizit.TestHomePage.Section2AllTechnologiesImageTest" name="section2AllTechnologiesImageTest" time="1.870"/>
  <system-out/>
</testsuite> <!-- whizit.TestHomePage.Section2AllTechnologiesImageTest -->
