<?xml version="1.0" encoding="UTF-8"?>
<!-- Generated by org.testng.reporters.JUnitReportReporter -->
<testsuite hostname="DESKTOP-BJ80FP8" failures="0" tests="1" name="whizit.TestHomePage.CheckLogoExistOrNotTest" time="0.161" errors="0" timestamp="2023-08-07T15:50:16 IST" skipped="0">
  <testcase classname="whizit.TestHomePage.CheckLogoExistOrNotTest" name="checkLogoExistOrNotTest" time="0.161"/>
  <system-out/>
</testsuite> <!-- whizit.TestHomePage.CheckLogoExistOrNotTest -->
