<?xml version="1.0" encoding="UTF-8"?>
<!-- Generated by org.testng.reporters.JUnitReportReporter -->
<testsuite hostname="DESKTOP-BJ80FP8" failures="0" tests="1" name="whizit.TestLogo.CheckLogoExistOrNotTest" time="0.184" errors="0" timestamp="2023-07-12T16:25:36 IST" skipped="0">
  <testcase classname="whizit.TestLogo.CheckLogoExistOrNotTest" name="checkLogoExistOrNotTest" time="0.184"/>
  <system-out>
    <![CDATA[Logo exists]]>
  </system-out>
</testsuite> <!-- whizit.TestLogo.CheckLogoExistOrNotTest -->
