<?xml version="1.0" encoding="UTF-8"?>
<!-- Generated by org.testng.reporters.JUnitReportReporter -->
<testsuite hostname="DESKTOP-BJ80FP8" failures="0" tests="1" name="whizit.TestHomePage.Section1AllTechnologiesImageTest" time="0.493" errors="0" timestamp="2023-08-07T01:00:02 IST" skipped="0">
  <testcase classname="whizit.TestHomePage.Section1AllTechnologiesImageTest" name="section1AllTechnologiesImageTest" time="0.493"/>
  <system-out/>
</testsuite> <!-- whizit.TestHomePage.Section1AllTechnologiesImageTest -->
